Build started 12/30/2015 6:35:42 PM.
     1>Project "C:\Users\Bryan\Documents\GitHub\DataEngine\DataEngine\DataEngine.vcxproj" on node 5 (Build target(s)).
     1>ClCompile:
         C:\Program Files (x86)\Microsoft Visual Studio 12.0\VC\bin\CL.exe /c /I..\..\Core\SGXFoundation /I..\..\3rdParty\include\stlplus_3_11 /I..\..\Core\SGXUtility /I..\..\Core\SGXDataMapping /I..\..\Core\SGXDataTransform /I..\..\Core\SGXImage\ /I..\..\GUI\SGXGUI\ /I..\..\Core\SGXGeospatial\ /I..\..\3rdParty\include\boost_1_55_0 /I..\..\DataEngine\jdk1.7.0_79\include\win32 /I..\..\DataEngine\jdk1.7.0_79\include /I..\..\3rdParty\include\Qt_5_2_1 /Zi /nologo /W3 /WX- /Od /Oy- /D WIN32 /D _DEBUG /D _LIB /D DATAENGINE_EXPORTS /D _WINDLL /D _UNICODE /D UNICODE /Gm- /EHsc /MDd /GS /fp:precise /Zc:wchar_t /Zc:forScope /Fo"Debug\\" /Fd"Debug\vc120.pdb" /Gd /TP /analyze- /errorReport:prompt glyphengine.cpp
         glyphengine.cpp
     1>c:\users\bryan\documents\github\core\sgxgeospatial\geographicboundingbox.h(58): warning C4251: 'GeographicBoundingBox::m_swCorner' : class 'boost::geometry::model::point<double,2,boost::geometry::cs::geographic<boost::geometry::degree>>' needs to have dll-interface to be used by clients of class 'GeographicBoundingBox'
     1>c:\users\bryan\documents\github\core\sgxgeospatial\geographicboundingbox.h(59): warning C4251: 'GeographicBoundingBox::m_neCorner' : class 'boost::geometry::model::point<double,2,boost::geometry::cs::geographic<boost::geometry::degree>>' needs to have dll-interface to be used by clients of class 'GeographicBoundingBox'
     1>c:\users\bryan\documents\github\core\sgxgeospatial\geographicboundingbox.h(60): warning C4251: 'GeographicBoundingBox::m_center' : class 'boost::geometry::model::point<double,2,boost::geometry::cs::geographic<boost::geometry::degree>>' needs to have dll-interface to be used by clients of class 'GeographicBoundingBox'
     1>c:\users\bryan\documents\github\core\sgxgeospatial\geographicboundingbox.h(61): warning C4251: 'GeographicBoundingBox::m_westCenter' : class 'boost::geometry::model::point<double,2,boost::geometry::cs::geographic<boost::geometry::degree>>' needs to have dll-interface to be used by clients of class 'GeographicBoundingBox'
     1>c:\users\bryan\documents\github\core\sgxgeospatial\geographicboundingbox.h(62): warning C4251: 'GeographicBoundingBox::m_eastCenter' : class 'boost::geometry::model::point<double,2,boost::geometry::cs::geographic<boost::geometry::degree>>' needs to have dll-interface to be used by clients of class 'GeographicBoundingBox'
     1>c:\users\bryan\documents\github\core\sgxgeospatial\geographicboundingbox.h(63): warning C4251: 'GeographicBoundingBox::m_northCenter' : class 'boost::geometry::model::point<double,2,boost::geometry::cs::geographic<boost::geometry::degree>>' needs to have dll-interface to be used by clients of class 'GeographicBoundingBox'
     1>c:\users\bryan\documents\github\core\sgxgeospatial\geographicboundingbox.h(64): warning C4251: 'GeographicBoundingBox::m_southCenter' : class 'boost::geometry::model::point<double,2,boost::geometry::cs::geographic<boost::geometry::degree>>' needs to have dll-interface to be used by clients of class 'GeographicBoundingBox'
     1>glyphengine.cpp(220): warning C4018: '<' : signed/unsigned mismatch
     1>C:\Program Files (x86)\Microsoft Visual Studio 12.0\VC\include\algorithm(925): warning C4996: 'std::_Swap_ranges': Function call with parameters that may be unsafe - this call relies on the caller to check that the passed values are correct. To disable this warning, use -D_SCL_SECURE_NO_WARNINGS. See documentation on how to use Visual C++ 'Checked Iterators'
                 C:\Program Files (x86)\Microsoft Visual Studio 12.0\VC\include\algorithm(910) : see declaration of 'std::_Swap_ranges'
                 C:\Users\Bryan\Documents\GitHub\3rdParty\include\boost_1_55_0\boost/uuid/uuid.hpp(151) : see reference to function template instantiation '_FwdIt2 std::swap_ranges<boost::uuids::uuid::iterator,boost::uuids::uuid::iterator>(_FwdIt1,_FwdIt1,_FwdIt2)' being compiled
                 with
                 [
                     _FwdIt2=boost::uuids::uuid::iterator
         ,            _FwdIt1=boost::uuids::uuid::iterator
                 ]
     1>C:\Program Files (x86)\Microsoft Visual Studio 12.0\VC\include\xutility(2798): warning C4996: 'std::_Equal1': Function call with parameters that may be unsafe - this call relies on the caller to check that the passed values are correct. To disable this warning, use -D_SCL_SECURE_NO_WARNINGS. See documentation on how to use Visual C++ 'Checked Iterators'
                 C:\Program Files (x86)\Microsoft Visual Studio 12.0\VC\include\xutility(2783) : see declaration of 'std::_Equal1'
                 C:\Users\Bryan\Documents\GitHub\3rdParty\include\boost_1_55_0\boost/uuid/uuid.hpp(161) : see reference to function template instantiation 'bool std::equal<boost::uuids::uuid::const_iterator,boost::uuids::uuid::const_iterator>(_InIt1,_InIt1,_InIt2)' being compiled
                 with
                 [
                     _InIt1=boost::uuids::uuid::const_iterator
         ,            _InIt2=boost::uuids::uuid::const_iterator
                 ]
     1>c:\users\bryan\documents\github\dataengine\dataengine\glyphengine.cpp(294): warning C4715: 'DataEngine::GlyphEngine::getDownloadedBaseImage' : not all control paths return a value
       Link:
         C:\Program Files (x86)\Microsoft Visual Studio 12.0\VC\bin\link.exe /ERRORREPORT:PROMPT /OUT:"..\..\bin\Win32\Debug\DataEngine.dll" /NOLOGO /LIBPATH:..\..\DataEngine\jdk1.7.0_79\lib\ /LIBPATH:..\..\lib\Win32\Debug\ /LIBPATH:..\..\3rdParty\lib\Win32\Debug\ jvm.lib jawt.lib "boost_filesystem-vc120-mt-gd-1_55.lib" "boost_system-vc120-mt-gd-1_55.lib" SGXImage.lib SGXGUI.lib SGXGeospatial.lib qtmaind.lib Qt5Cored.lib Qt5Guid.lib Qt5Widgetsd.lib Qt5Networkd.lib kernel32.lib user32.lib gdi32.lib winspool.lib comdlg32.lib advapi32.lib shell32.lib ole32.lib oleaut32.lib uuid.lib odbc32.lib odbccp32.lib /MANIFEST /MANIFESTUAC:"level='asInvoker' uiAccess='false'" /manifest:embed /DEBUG /PDB:"..\..\bin\Win32\Debug\DataEngine.pdb" /SUBSYSTEM:WINDOWS /TLBID:1 /DYNAMICBASE /NXCOMPAT /IMPLIB:"..\..\lib\Win32\Debug\DataEngine.lib" /MACHINE:X86 /DLL Debug\glyphengine.obj
         Debug\dataengineconnection.obj
         Debug\dataenginestatement.obj
         Debug\downloadedmap.obj
         Debug\downloadexception.obj
         Debug\networkdownloader.obj
            Creating library ..\..\lib\Win32\Debug\DataEngine.lib and object ..\..\lib\Win32\Debug\DataEngine.exp
         DataEngine.vcxproj -> C:\Users\Bryan\Documents\GitHub\DataEngine\DataEngine\..\..\bin\Win32\Debug\DataEngine.dll
     1>Done Building Project "C:\Users\Bryan\Documents\GitHub\DataEngine\DataEngine\DataEngine.vcxproj" (Build target(s)).

Build succeeded.

Time Elapsed 00:00:09.35
