c:\users\bryan\documents\github\dataengine\dataengine\debug\vc120.pdb
c:\users\bryan\documents\github\dataengine\dataengine\debug\vc120.idb
c:\users\bryan\documents\github\dataengine\dataengine\debug\networkdownloader.obj
c:\users\bryan\documents\github\dataengine\dataengine\debug\downloadexception.obj
c:\users\bryan\documents\github\dataengine\dataengine\debug\downloadedmap.obj
c:\users\bryan\documents\github\dataengine\dataengine\debug\dataenginestatement.obj
c:\users\bryan\documents\github\dataengine\dataengine\debug\dataengineconnection.obj
c:\users\bryan\documents\github\dataengine\dataengine\debug\glyphengine.obj
c:\users\bryan\documents\github\lib\win32\debug\dataengine.lib
c:\users\bryan\documents\github\lib\win32\debug\dataengine.exp
c:\users\bryan\documents\github\bin\win32\debug\dataengine.ilk
c:\users\bryan\documents\github\bin\win32\debug\dataengine.dll
c:\users\bryan\documents\github\bin\win32\debug\dataengine.pdb
c:\users\bryan\documents\github\dataengine\dataengine\..\..\bin\win32\debug\dataengine.dll
c:\users\bryan\documents\github\dataengine\dataengine\debug\dataengine.tlog\cl.command.1.tlog
c:\users\bryan\documents\github\dataengine\dataengine\debug\dataengine.tlog\cl.read.1.tlog
c:\users\bryan\documents\github\dataengine\dataengine\debug\dataengine.tlog\cl.write.1.tlog
c:\users\bryan\documents\github\dataengine\dataengine\debug\dataengine.tlog\dataengine.write.1u.tlog
c:\users\bryan\documents\github\dataengine\dataengine\debug\dataengine.tlog\link.command.1.tlog
c:\users\bryan\documents\github\dataengine\dataengine\debug\dataengine.tlog\link.read.1.tlog
c:\users\bryan\documents\github\dataengine\dataengine\debug\dataengine.tlog\link.write.1.tlog
