Build started 12/30/2015 6:35:21 PM.
     1>Project "C:\Users\Bryan\Documents\GitHub\DataEngine\DataEngine\DataEngine.vcxproj" on node 2 (Build target(s)).
     1>ClCompile:
         C:\Program Files (x86)\Microsoft Visual Studio 12.0\VC\bin\CL.exe /c /I..\..\Core\SGXFoundation /I..\..\3rdParty\include\stlplus_3_11 /I..\..\Core\SGXUtility /I..\..\Core\SGXDataMapping /I..\..\Core\SGXDataTransform /I..\..\Core\SGXImage\ /I..\..\GUI\SGXGUI\ /I..\..\Core\SGXGeospatial\ /I..\..\3rdParty\include\boost_1_55_0 /I..\..\DataEngine\jdk1.7.0_79\include\win32 /I..\..\DataEngine\jdk1.7.0_79\include /I..\..\3rdParty\include\Qt_5_2_1 /Zi /nologo /W3 /WX- /O2 /Oi /Oy- /GL /D WIN32 /D NDEBUG /D _LIB /D QT_DLL /D QT_NO_DEBUG /D QT_CORE_LIB /D QT_GUI_LIB /D QT_WIDGETS_LIB /D DATAENGINE_EXPORTS /D _WINDLL /D _UNICODE /D UNICODE /Gm- /EHsc /MD /GS /Gy /fp:precise /Zc:wchar_t /Zc:forScope /Fo"Release\\" /Fd"Release\vc120.pdb" /Gd /TP /analyze- /errorReport:prompt glyphengine.cpp
         glyphengine.cpp
     1>c:\users\bryan\documents\github\core\sgxgeospatial\geographicboundingbox.h(58): warning C4251: 'GeographicBoundingBox::m_swCorner' : class 'boost::geometry::model::point<double,2,boost::geometry::cs::geographic<boost::geometry::degree>>' needs to have dll-interface to be used by clients of class 'GeographicBoundingBox'
     1>c:\users\bryan\documents\github\core\sgxgeospatial\geographicboundingbox.h(59): warning C4251: 'GeographicBoundingBox::m_neCorner' : class 'boost::geometry::model::point<double,2,boost::geometry::cs::geographic<boost::geometry::degree>>' needs to have dll-interface to be used by clients of class 'GeographicBoundingBox'
     1>c:\users\bryan\documents\github\core\sgxgeospatial\geographicboundingbox.h(60): warning C4251: 'GeographicBoundingBox::m_center' : class 'boost::geometry::model::point<double,2,boost::geometry::cs::geographic<boost::geometry::degree>>' needs to have dll-interface to be used by clients of class 'GeographicBoundingBox'
     1>c:\users\bryan\documents\github\core\sgxgeospatial\geographicboundingbox.h(61): warning C4251: 'GeographicBoundingBox::m_westCenter' : class 'boost::geometry::model::point<double,2,boost::geometry::cs::geographic<boost::geometry::degree>>' needs to have dll-interface to be used by clients of class 'GeographicBoundingBox'
     1>c:\users\bryan\documents\github\core\sgxgeospatial\geographicboundingbox.h(62): warning C4251: 'GeographicBoundingBox::m_eastCenter' : class 'boost::geometry::model::point<double,2,boost::geometry::cs::geographic<boost::geometry::degree>>' needs to have dll-interface to be used by clients of class 'GeographicBoundingBox'
     1>c:\users\bryan\documents\github\core\sgxgeospatial\geographicboundingbox.h(63): warning C4251: 'GeographicBoundingBox::m_northCenter' : class 'boost::geometry::model::point<double,2,boost::geometry::cs::geographic<boost::geometry::degree>>' needs to have dll-interface to be used by clients of class 'GeographicBoundingBox'
     1>c:\users\bryan\documents\github\core\sgxgeospatial\geographicboundingbox.h(64): warning C4251: 'GeographicBoundingBox::m_southCenter' : class 'boost::geometry::model::point<double,2,boost::geometry::cs::geographic<boost::geometry::degree>>' needs to have dll-interface to be used by clients of class 'GeographicBoundingBox'
     1>glyphengine.cpp(220): warning C4018: '<' : signed/unsigned mismatch
       Link:
         C:\Program Files (x86)\Microsoft Visual Studio 12.0\VC\bin\link.exe /ERRORREPORT:PROMPT /OUT:"..\..\bin\Win32\Release\DataEngine.dll" /NOLOGO /LIBPATH:..\..\DataEngine\jdk1.7.0_79\lib\ /LIBPATH:..\..\lib\Win32\Release\ /LIBPATH:..\..\3rdParty\lib\Win32\Release\ jvm.lib jawt.lib "boost_filesystem-vc120-mt-1_55.lib" "boost_system-vc120-mt-1_55.lib" SGXImage.lib SGXGUI.lib SGXGeospatial.lib Qt5Core.lib Qt5Gui.lib Qt5Widgets.lib Qt5Network.lib kernel32.lib user32.lib gdi32.lib winspool.lib comdlg32.lib advapi32.lib shell32.lib ole32.lib oleaut32.lib uuid.lib odbc32.lib odbccp32.lib /MANIFEST /MANIFESTUAC:"level='asInvoker' uiAccess='false'" /manifest:embed /DEBUG /PDB:"..\..\bin\Win32\Release\DataEngine.pdb" /SUBSYSTEM:WINDOWS /OPT:REF /OPT:ICF /LTCG /TLBID:1 /DYNAMICBASE /NXCOMPAT /IMPLIB:"..\..\lib\Win32\Release\DataEngine.lib" /MACHINE:X86 /SAFESEH /DLL Release\glyphengine.obj
         Release\dataengineconnection.obj
         Release\dataenginestatement.obj
         Release\downloadedmap.obj
         Release\downloadexception.obj
         Release\networkdownloader.obj
            Creating library ..\..\lib\Win32\Release\DataEngine.lib and object ..\..\lib\Win32\Release\DataEngine.exp
         Generating code
     1>c:\users\bryan\documents\github\dataengine\dataengine\networkdownloader.cpp(245): warning C4715: 'NetworkDownloader::GetZoomLevel' : not all control paths return a value
     1>c:\users\bryan\documents\github\dataengine\dataengine\glyphengine.cpp(294): warning C4715: 'DataEngine::GlyphEngine::getDownloadedBaseImage' : not all control paths return a value
         Finished generating code
         DataEngine.vcxproj -> C:\Users\Bryan\Documents\GitHub\DataEngine\DataEngine\..\..\bin\Win32\Release\DataEngine.dll
     1>Done Building Project "C:\Users\Bryan\Documents\GitHub\DataEngine\DataEngine\DataEngine.vcxproj" (Build target(s)).

Build succeeded.

Time Elapsed 00:00:11.98
