c:\users\bryan\documents\github\dataengine\dataengine\release\vc120.pdb
c:\users\bryan\documents\github\dataengine\dataengine\release\dataenginestatement.obj
c:\users\bryan\documents\github\dataengine\dataengine\release\dataengineconnection.obj
c:\users\bryan\documents\github\dataengine\dataengine\release\dataengine.obj
c:\users\bryan\documents\github\dataengine\dataengine\release\networkdownloader.obj
c:\users\bryan\documents\github\dataengine\dataengine\release\downloadexception.obj
c:\users\bryan\documents\github\dataengine\dataengine\release\downloadedmap.obj
c:\users\bryan\documents\github\dataengine\dataengine\release\glyphengine.obj
c:\users\bryan\documents\github\dataengine\lib\release\dataengine.lib
c:\users\bryan\documents\github\dataengine\lib\release\dataengine.exp
c:\users\bryan\documents\github\bin\win32\release\dataengine.lib
c:\users\bryan\documents\github\bin\win32\release\dataengine.exp
c:\users\bryan\documents\github\dataengine\lib\release\dataengine.dll
c:\users\bryan\documents\github\dataengine\lib\release\dataengine.pdb
c:\users\bryan\documents\github\bin\win32\release\dataengine.dll
c:\users\bryan\documents\github\bin\win32\release\dataengine.pdb
c:\users\bryan\documents\github\dataengine\dataengine\..\..\bin\win32\release\dataengine.dll
c:\users\bryan\documents\github\dataengine\dataengine\release\dataengine.tlog\cl.command.1.tlog
c:\users\bryan\documents\github\dataengine\dataengine\release\dataengine.tlog\cl.read.1.tlog
c:\users\bryan\documents\github\dataengine\dataengine\release\dataengine.tlog\cl.write.1.tlog
c:\users\bryan\documents\github\dataengine\dataengine\release\dataengine.tlog\dataengine.write.1u.tlog
c:\users\bryan\documents\github\dataengine\dataengine\release\dataengine.tlog\lib-link.read.1.tlog
c:\users\bryan\documents\github\dataengine\dataengine\release\dataengine.tlog\lib-link.write.1.tlog
c:\users\bryan\documents\github\dataengine\dataengine\release\dataengine.tlog\lib.command.1.tlog
c:\users\bryan\documents\github\dataengine\dataengine\release\dataengine.tlog\link.command.1.tlog
c:\users\bryan\documents\github\dataengine\dataengine\release\dataengine.tlog\link.read.1.tlog
c:\users\bryan\documents\github\dataengine\dataengine\release\dataengine.tlog\link.write.1.tlog
